<?xml version="1.0" encoding="UTF-8"?>
<!-- Generated by org.testng.reporters.JUnitReportReporter -->
<testsuite skipped="0" hostname="DESKTOP-31IV3IQ" name="Testing.Sample2" tests="1" failures="0" timestamp="10 Jul 2018 22:53:30 GMT" time="0.016" errors="0">
  <testcase name="test" time="0.016" classname="Testing.Sample2"/>
</testsuite> <!-- Testing.Sample2 -->
