<?xml version="1.0" encoding="UTF-8"?>
<!-- Generated by org.testng.reporters.JUnitReportReporter -->
<testsuite skipped="0" hostname="DESKTOP-31IV3IQ" name="com.lnt.qa.testcases.Login" tests="1" failures="0" timestamp="24 Jul 2018 07:52:24 GMT" time="6.979" errors="0">
  <testcase name="logintest" time="6.979" classname="com.lnt.qa.testcases.Login"/>
</testsuite> <!-- com.lnt.qa.testcases.Login -->
