<?xml version="1.0" encoding="UTF-8"?>
<!-- Generated by org.testng.reporters.JUnitReportReporter -->
<testsuite skipped="0" hostname="DESKTOP-31IV3IQ" name="com.lnt.qa.testcases.VerifySearchResults" tests="1" failures="0" timestamp="24 Jul 2018 07:52:24 GMT" time="17.587" errors="0">
  <testcase name="verifyPLP" time="17.587" classname="com.lnt.qa.testcases.VerifySearchResults"/>
</testsuite> <!-- com.lnt.qa.testcases.VerifySearchResults -->
